Determining if the pthread_create exist failed with the following output:
Change Dir: /home/biz/bitbucket/nerva-repos/nerva/CMakeFiles/CMakeTmp

Run Build Command:"/usr/bin/make" "cmTC_0c419/fast"
/usr/bin/make -f CMakeFiles/cmTC_0c419.dir/build.make CMakeFiles/cmTC_0c419.dir/build
make[1]: Entering directory '/home/biz/bitbucket/nerva-repos/nerva/CMakeFiles/CMakeTmp'
Building C object CMakeFiles/cmTC_0c419.dir/CheckSymbolExists.c.o
/usr/bin/cc    -o CMakeFiles/cmTC_0c419.dir/CheckSymbolExists.c.o   -c /home/biz/bitbucket/nerva-repos/nerva/CMakeFiles/CMakeTmp/CheckSymbolExists.c
Linking C executable cmTC_0c419
/usr/bin/cmake -E cmake_link_script CMakeFiles/cmTC_0c419.dir/link.txt --verbose=1
/usr/bin/cc      -rdynamic CMakeFiles/cmTC_0c419.dir/CheckSymbolExists.c.o  -o cmTC_0c419 
CMakeFiles/cmTC_0c419.dir/CheckSymbolExists.c.o: In function `main':
CheckSymbolExists.c:(.text+0x1b): undefined reference to `pthread_create'
collect2: error: ld returned 1 exit status
CMakeFiles/cmTC_0c419.dir/build.make:97: recipe for target 'cmTC_0c419' failed
make[1]: *** [cmTC_0c419] Error 1
make[1]: Leaving directory '/home/biz/bitbucket/nerva-repos/nerva/CMakeFiles/CMakeTmp'
Makefile:126: recipe for target 'cmTC_0c419/fast' failed
make: *** [cmTC_0c419/fast] Error 2

File /home/biz/bitbucket/nerva-repos/nerva/CMakeFiles/CMakeTmp/CheckSymbolExists.c:
/* */
#include <pthread.h>

int main(int argc, char** argv)
{
  (void)argv;
#ifndef pthread_create
  return ((int*)(&pthread_create))[argc];
#else
  (void)argc;
  return 0;
#endif
}

Determining if the function memset_s exists in the c failed with the following output:
Change Dir: /home/biz/bitbucket/nerva-repos/nerva/CMakeFiles/CMakeTmp

Run Build Command:"/usr/bin/make" "cmTC_20b8d/fast"
/usr/bin/make -f CMakeFiles/cmTC_20b8d.dir/build.make CMakeFiles/cmTC_20b8d.dir/build
make[1]: Entering directory '/home/biz/bitbucket/nerva-repos/nerva/CMakeFiles/CMakeTmp'
Building C object CMakeFiles/cmTC_20b8d.dir/CheckFunctionExists.c.o
/usr/bin/cc   -DCHECK_FUNCTION_EXISTS=memset_s   -o CMakeFiles/cmTC_20b8d.dir/CheckFunctionExists.c.o   -c /usr/share/cmake-3.9/Modules/CheckFunctionExists.c
Linking C executable cmTC_20b8d
/usr/bin/cmake -E cmake_link_script CMakeFiles/cmTC_20b8d.dir/link.txt --verbose=1
/usr/bin/cc  -DCHECK_FUNCTION_EXISTS=memset_s    -rdynamic CMakeFiles/cmTC_20b8d.dir/CheckFunctionExists.c.o  -o cmTC_20b8d  -L/home/biz/bitbucket/nerva-repos/nerva/CMakeFiles/CMakeTmp/string.h -Wl,-rpath,/home/biz/bitbucket/nerva-repos/nerva/CMakeFiles/CMakeTmp/string.h -lc 
CMakeFiles/cmTC_20b8d.dir/CheckFunctionExists.c.o: In function `main':
CheckFunctionExists.c:(.text+0x10): undefined reference to `memset_s'
collect2: error: ld returned 1 exit status
CMakeFiles/cmTC_20b8d.dir/build.make:97: recipe for target 'cmTC_20b8d' failed
make[1]: *** [cmTC_20b8d] Error 1
make[1]: Leaving directory '/home/biz/bitbucket/nerva-repos/nerva/CMakeFiles/CMakeTmp'
Makefile:126: recipe for target 'cmTC_20b8d/fast' failed
make: *** [cmTC_20b8d/fast] Error 2


Determining if the -Wl,-z,noexecheap linker flag is suppored failed with the following output:
Change Dir: /home/biz/bitbucket/nerva-repos/nerva/CMakeFiles/CMakeTmp

Run Build Command:"/usr/bin/make" "cmTC_c5ebe/fast"
/usr/bin/make -f CMakeFiles/cmTC_c5ebe.dir/build.make CMakeFiles/cmTC_c5ebe.dir/build
make[1]: Entering directory '/home/biz/bitbucket/nerva-repos/nerva/CMakeFiles/CMakeTmp'
Building C object CMakeFiles/cmTC_c5ebe.dir/CheckLinkerFlag.c.o
/usr/bin/cc   -Wl,-z,noexecheap    -Wl,-z,noexecheap -o CMakeFiles/cmTC_c5ebe.dir/CheckLinkerFlag.c.o   -c /home/biz/bitbucket/nerva-repos/nerva/cmake/CheckLinkerFlag.c
Linking C executable cmTC_c5ebe
/usr/bin/cmake -E cmake_link_script CMakeFiles/cmTC_c5ebe.dir/link.txt --verbose=1
/usr/bin/cc -Wl,-z,noexecheap     -rdynamic CMakeFiles/cmTC_c5ebe.dir/CheckLinkerFlag.c.o  -o cmTC_c5ebe 
/usr/bin/ld: warning: -z noexecheap ignored.
make[1]: Leaving directory '/home/biz/bitbucket/nerva-repos/nerva/CMakeFiles/CMakeTmp'


Determining if the pthread_create exist failed with the following output:
Change Dir: /home/biz/bitbucket/nerva-repos/blur/CMakeFiles/CMakeTmp

Run Build Command:"/usr/bin/make" "cmTC_17862/fast"
/usr/bin/make -f CMakeFiles/cmTC_17862.dir/build.make CMakeFiles/cmTC_17862.dir/build
make[1]: Entering directory '/home/biz/bitbucket/nerva-repos/blur/CMakeFiles/CMakeTmp'
Building C object CMakeFiles/cmTC_17862.dir/CheckSymbolExists.c.o
/usr/bin/cc    -o CMakeFiles/cmTC_17862.dir/CheckSymbolExists.c.o   -c /home/biz/bitbucket/nerva-repos/blur/CMakeFiles/CMakeTmp/CheckSymbolExists.c
Linking C executable cmTC_17862
/usr/bin/cmake -E cmake_link_script CMakeFiles/cmTC_17862.dir/link.txt --verbose=1
/usr/bin/cc      -rdynamic CMakeFiles/cmTC_17862.dir/CheckSymbolExists.c.o  -o cmTC_17862 
CMakeFiles/cmTC_17862.dir/CheckSymbolExists.c.o: In function `main':
CheckSymbolExists.c:(.text+0x1b): undefined reference to `pthread_create'
collect2: error: ld returned 1 exit status
CMakeFiles/cmTC_17862.dir/build.make:97: recipe for target 'cmTC_17862' failed
make[1]: *** [cmTC_17862] Error 1
make[1]: Leaving directory '/home/biz/bitbucket/nerva-repos/blur/CMakeFiles/CMakeTmp'
Makefile:126: recipe for target 'cmTC_17862/fast' failed
make: *** [cmTC_17862/fast] Error 2

File /home/biz/bitbucket/nerva-repos/blur/CMakeFiles/CMakeTmp/CheckSymbolExists.c:
/* */
#include <pthread.h>

int main(int argc, char** argv)
{
  (void)argv;
#ifndef pthread_create
  return ((int*)(&pthread_create))[argc];
#else
  (void)argc;
  return 0;
#endif
}

Determining if the function memset_s exists in the c failed with the following output:
Change Dir: /home/biz/bitbucket/nerva-repos/blur/CMakeFiles/CMakeTmp

Run Build Command:"/usr/bin/make" "cmTC_1223e/fast"
/usr/bin/make -f CMakeFiles/cmTC_1223e.dir/build.make CMakeFiles/cmTC_1223e.dir/build
make[1]: Entering directory '/home/biz/bitbucket/nerva-repos/blur/CMakeFiles/CMakeTmp'
Building C object CMakeFiles/cmTC_1223e.dir/CheckFunctionExists.c.o
/usr/bin/cc   -DCHECK_FUNCTION_EXISTS=memset_s   -o CMakeFiles/cmTC_1223e.dir/CheckFunctionExists.c.o   -c /usr/share/cmake-3.9/Modules/CheckFunctionExists.c
Linking C executable cmTC_1223e
/usr/bin/cmake -E cmake_link_script CMakeFiles/cmTC_1223e.dir/link.txt --verbose=1
/usr/bin/cc  -DCHECK_FUNCTION_EXISTS=memset_s    -rdynamic CMakeFiles/cmTC_1223e.dir/CheckFunctionExists.c.o  -o cmTC_1223e  -L/home/biz/bitbucket/nerva-repos/blur/CMakeFiles/CMakeTmp/string.h -Wl,-rpath,/home/biz/bitbucket/nerva-repos/blur/CMakeFiles/CMakeTmp/string.h -lc 
CMakeFiles/cmTC_1223e.dir/CheckFunctionExists.c.o: In function `main':
CheckFunctionExists.c:(.text+0x10): undefined reference to `memset_s'
collect2: error: ld returned 1 exit status
CMakeFiles/cmTC_1223e.dir/build.make:97: recipe for target 'cmTC_1223e' failed
make[1]: *** [cmTC_1223e] Error 1
make[1]: Leaving directory '/home/biz/bitbucket/nerva-repos/blur/CMakeFiles/CMakeTmp'
Makefile:126: recipe for target 'cmTC_1223e/fast' failed
make: *** [cmTC_1223e/fast] Error 2


Determining if the -Wl,-z,noexecheap linker flag is suppored failed with the following output:
Change Dir: /home/biz/bitbucket/nerva-repos/blur/CMakeFiles/CMakeTmp

Run Build Command:"/usr/bin/make" "cmTC_ee99d/fast"
/usr/bin/make -f CMakeFiles/cmTC_ee99d.dir/build.make CMakeFiles/cmTC_ee99d.dir/build
make[1]: Entering directory '/home/biz/bitbucket/nerva-repos/blur/CMakeFiles/CMakeTmp'
Building C object CMakeFiles/cmTC_ee99d.dir/CheckLinkerFlag.c.o
/usr/bin/cc   -Wl,-z,noexecheap    -Wl,-z,noexecheap -o CMakeFiles/cmTC_ee99d.dir/CheckLinkerFlag.c.o   -c /home/biz/bitbucket/nerva-repos/blur/cmake/CheckLinkerFlag.c
Linking C executable cmTC_ee99d
/usr/bin/cmake -E cmake_link_script CMakeFiles/cmTC_ee99d.dir/link.txt --verbose=1
/usr/bin/cc -Wl,-z,noexecheap     -rdynamic CMakeFiles/cmTC_ee99d.dir/CheckLinkerFlag.c.o  -o cmTC_ee99d 
/usr/bin/ld: warning: -z noexecheap ignored.
make[1]: Leaving directory '/home/biz/bitbucket/nerva-repos/blur/CMakeFiles/CMakeTmp'


Determining if the pthread_create exist failed with the following output:
Change Dir: /home/biz/bitbucket/nerva-repos/blur/CMakeFiles/CMakeTmp

Run Build Command:"/usr/bin/make" "cmTC_edb41/fast"
/usr/bin/make -f CMakeFiles/cmTC_edb41.dir/build.make CMakeFiles/cmTC_edb41.dir/build
make[1]: Entering directory '/home/biz/bitbucket/nerva-repos/blur/CMakeFiles/CMakeTmp'
Building C object CMakeFiles/cmTC_edb41.dir/CheckSymbolExists.c.o
/usr/bin/cc    -o CMakeFiles/cmTC_edb41.dir/CheckSymbolExists.c.o   -c /home/biz/bitbucket/nerva-repos/blur/CMakeFiles/CMakeTmp/CheckSymbolExists.c
Linking C executable cmTC_edb41
/usr/bin/cmake -E cmake_link_script CMakeFiles/cmTC_edb41.dir/link.txt --verbose=1
/usr/bin/cc      -rdynamic CMakeFiles/cmTC_edb41.dir/CheckSymbolExists.c.o  -o cmTC_edb41 
CMakeFiles/cmTC_edb41.dir/CheckSymbolExists.c.o: In function `main':
CheckSymbolExists.c:(.text+0x1b): undefined reference to `pthread_create'
collect2: error: ld returned 1 exit status
CMakeFiles/cmTC_edb41.dir/build.make:97: recipe for target 'cmTC_edb41' failed
make[1]: *** [cmTC_edb41] Error 1
make[1]: Leaving directory '/home/biz/bitbucket/nerva-repos/blur/CMakeFiles/CMakeTmp'
Makefile:126: recipe for target 'cmTC_edb41/fast' failed
make: *** [cmTC_edb41/fast] Error 2

File /home/biz/bitbucket/nerva-repos/blur/CMakeFiles/CMakeTmp/CheckSymbolExists.c:
/* */
#include <pthread.h>

int main(int argc, char** argv)
{
  (void)argv;
#ifndef pthread_create
  return ((int*)(&pthread_create))[argc];
#else
  (void)argc;
  return 0;
#endif
}

Determining if the function memset_s exists in the c failed with the following output:
Change Dir: /home/biz/bitbucket/nerva-repos/blur/CMakeFiles/CMakeTmp

Run Build Command:"/usr/bin/make" "cmTC_cded2/fast"
/usr/bin/make -f CMakeFiles/cmTC_cded2.dir/build.make CMakeFiles/cmTC_cded2.dir/build
make[1]: Entering directory '/home/biz/bitbucket/nerva-repos/blur/CMakeFiles/CMakeTmp'
Building C object CMakeFiles/cmTC_cded2.dir/CheckFunctionExists.c.o
/usr/bin/cc   -DCHECK_FUNCTION_EXISTS=memset_s   -o CMakeFiles/cmTC_cded2.dir/CheckFunctionExists.c.o   -c /usr/share/cmake-3.9/Modules/CheckFunctionExists.c
Linking C executable cmTC_cded2
/usr/bin/cmake -E cmake_link_script CMakeFiles/cmTC_cded2.dir/link.txt --verbose=1
/usr/bin/cc  -DCHECK_FUNCTION_EXISTS=memset_s    -rdynamic CMakeFiles/cmTC_cded2.dir/CheckFunctionExists.c.o  -o cmTC_cded2  -L/home/biz/bitbucket/nerva-repos/blur/CMakeFiles/CMakeTmp/string.h -Wl,-rpath,/home/biz/bitbucket/nerva-repos/blur/CMakeFiles/CMakeTmp/string.h -lc 
CMakeFiles/cmTC_cded2.dir/CheckFunctionExists.c.o: In function `main':
CheckFunctionExists.c:(.text+0x10): undefined reference to `memset_s'
collect2: error: ld returned 1 exit status
CMakeFiles/cmTC_cded2.dir/build.make:97: recipe for target 'cmTC_cded2' failed
make[1]: *** [cmTC_cded2] Error 1
make[1]: Leaving directory '/home/biz/bitbucket/nerva-repos/blur/CMakeFiles/CMakeTmp'
Makefile:126: recipe for target 'cmTC_cded2/fast' failed
make: *** [cmTC_cded2/fast] Error 2


Determining if the -Wl,-z,noexecheap linker flag is suppored failed with the following output:
Change Dir: /home/biz/bitbucket/nerva-repos/blur/CMakeFiles/CMakeTmp

Run Build Command:"/usr/bin/make" "cmTC_fe894/fast"
/usr/bin/make -f CMakeFiles/cmTC_fe894.dir/build.make CMakeFiles/cmTC_fe894.dir/build
make[1]: Entering directory '/home/biz/bitbucket/nerva-repos/blur/CMakeFiles/CMakeTmp'
Building C object CMakeFiles/cmTC_fe894.dir/CheckLinkerFlag.c.o
/usr/bin/cc   -Wl,-z,noexecheap    -Wl,-z,noexecheap -o CMakeFiles/cmTC_fe894.dir/CheckLinkerFlag.c.o   -c /home/biz/bitbucket/nerva-repos/blur/cmake/CheckLinkerFlag.c
Linking C executable cmTC_fe894
/usr/bin/cmake -E cmake_link_script CMakeFiles/cmTC_fe894.dir/link.txt --verbose=1
/usr/bin/cc -Wl,-z,noexecheap     -rdynamic CMakeFiles/cmTC_fe894.dir/CheckLinkerFlag.c.o  -o cmTC_fe894 
/usr/bin/ld: warning: -z noexecheap ignored.
make[1]: Leaving directory '/home/biz/bitbucket/nerva-repos/blur/CMakeFiles/CMakeTmp'


Determining if the pthread_create exist failed with the following output:
Change Dir: /home/biz/github/repos/blur/CMakeFiles/CMakeTmp

Run Build Command:"/usr/bin/make" "cmTC_8f482/fast"
/usr/bin/make -f CMakeFiles/cmTC_8f482.dir/build.make CMakeFiles/cmTC_8f482.dir/build
make[1]: Entering directory '/home/biz/github/repos/blur/CMakeFiles/CMakeTmp'
Building C object CMakeFiles/cmTC_8f482.dir/CheckSymbolExists.c.o
/usr/bin/cc    -o CMakeFiles/cmTC_8f482.dir/CheckSymbolExists.c.o   -c /home/biz/github/repos/blur/CMakeFiles/CMakeTmp/CheckSymbolExists.c
Linking C executable cmTC_8f482
/usr/bin/cmake -E cmake_link_script CMakeFiles/cmTC_8f482.dir/link.txt --verbose=1
/usr/bin/cc      -rdynamic CMakeFiles/cmTC_8f482.dir/CheckSymbolExists.c.o  -o cmTC_8f482 
CMakeFiles/cmTC_8f482.dir/CheckSymbolExists.c.o: In function `main':
CheckSymbolExists.c:(.text+0x1b): undefined reference to `pthread_create'
collect2: error: ld returned 1 exit status
CMakeFiles/cmTC_8f482.dir/build.make:97: recipe for target 'cmTC_8f482' failed
make[1]: *** [cmTC_8f482] Error 1
make[1]: Leaving directory '/home/biz/github/repos/blur/CMakeFiles/CMakeTmp'
Makefile:126: recipe for target 'cmTC_8f482/fast' failed
make: *** [cmTC_8f482/fast] Error 2

File /home/biz/github/repos/blur/CMakeFiles/CMakeTmp/CheckSymbolExists.c:
/* */
#include <pthread.h>

int main(int argc, char** argv)
{
  (void)argv;
#ifndef pthread_create
  return ((int*)(&pthread_create))[argc];
#else
  (void)argc;
  return 0;
#endif
}

Determining if the function memset_s exists in the c failed with the following output:
Change Dir: /home/biz/github/repos/blur/CMakeFiles/CMakeTmp

Run Build Command:"/usr/bin/make" "cmTC_aac4c/fast"
/usr/bin/make -f CMakeFiles/cmTC_aac4c.dir/build.make CMakeFiles/cmTC_aac4c.dir/build
make[1]: Entering directory '/home/biz/github/repos/blur/CMakeFiles/CMakeTmp'
Building C object CMakeFiles/cmTC_aac4c.dir/CheckFunctionExists.c.o
/usr/bin/cc   -DCHECK_FUNCTION_EXISTS=memset_s   -o CMakeFiles/cmTC_aac4c.dir/CheckFunctionExists.c.o   -c /usr/share/cmake-3.9/Modules/CheckFunctionExists.c
Linking C executable cmTC_aac4c
/usr/bin/cmake -E cmake_link_script CMakeFiles/cmTC_aac4c.dir/link.txt --verbose=1
/usr/bin/cc  -DCHECK_FUNCTION_EXISTS=memset_s    -rdynamic CMakeFiles/cmTC_aac4c.dir/CheckFunctionExists.c.o  -o cmTC_aac4c  -L/home/biz/github/repos/blur/CMakeFiles/CMakeTmp/string.h -Wl,-rpath,/home/biz/github/repos/blur/CMakeFiles/CMakeTmp/string.h -lc 
CMakeFiles/cmTC_aac4c.dir/CheckFunctionExists.c.o: In function `main':
CheckFunctionExists.c:(.text+0x10): undefined reference to `memset_s'
collect2: error: ld returned 1 exit status
CMakeFiles/cmTC_aac4c.dir/build.make:97: recipe for target 'cmTC_aac4c' failed
make[1]: *** [cmTC_aac4c] Error 1
make[1]: Leaving directory '/home/biz/github/repos/blur/CMakeFiles/CMakeTmp'
Makefile:126: recipe for target 'cmTC_aac4c/fast' failed
make: *** [cmTC_aac4c/fast] Error 2


Determining if the -Wl,-z,noexecheap linker flag is suppored failed with the following output:
Change Dir: /home/biz/github/repos/blur/CMakeFiles/CMakeTmp

Run Build Command:"/usr/bin/make" "cmTC_c0b01/fast"
/usr/bin/make -f CMakeFiles/cmTC_c0b01.dir/build.make CMakeFiles/cmTC_c0b01.dir/build
make[1]: Entering directory '/home/biz/github/repos/blur/CMakeFiles/CMakeTmp'
Building C object CMakeFiles/cmTC_c0b01.dir/CheckLinkerFlag.c.o
/usr/bin/cc   -Wl,-z,noexecheap    -Wl,-z,noexecheap -o CMakeFiles/cmTC_c0b01.dir/CheckLinkerFlag.c.o   -c /home/biz/github/repos/blur/cmake/CheckLinkerFlag.c
Linking C executable cmTC_c0b01
/usr/bin/cmake -E cmake_link_script CMakeFiles/cmTC_c0b01.dir/link.txt --verbose=1
/usr/bin/cc -Wl,-z,noexecheap     -rdynamic CMakeFiles/cmTC_c0b01.dir/CheckLinkerFlag.c.o  -o cmTC_c0b01 
/usr/bin/ld: warning: -z noexecheap ignored.
make[1]: Leaving directory '/home/biz/github/repos/blur/CMakeFiles/CMakeTmp'


Determining if the include file event.h exists failed with the following output:
Change Dir: /home/biz/github/repos/blur/CMakeFiles/CMakeTmp

Run Build Command:"/usr/bin/make" "cmTC_c9553/fast"
/usr/bin/make -f CMakeFiles/cmTC_c9553.dir/build.make CMakeFiles/cmTC_c9553.dir/build
make[1]: Entering directory '/home/biz/github/repos/blur/CMakeFiles/CMakeTmp'
Building C object CMakeFiles/cmTC_c9553.dir/CheckIncludeFile.c.o
/usr/bin/cc    -o CMakeFiles/cmTC_c9553.dir/CheckIncludeFile.c.o   -c /home/biz/github/repos/blur/CMakeFiles/CMakeTmp/CheckIncludeFile.c
/home/biz/github/repos/blur/CMakeFiles/CMakeTmp/CheckIncludeFile.c:1:10: fatal error: event.h: No such file or directory
 #include <event.h>
          ^~~~~~~~~
compilation terminated.
CMakeFiles/cmTC_c9553.dir/build.make:65: recipe for target 'CMakeFiles/cmTC_c9553.dir/CheckIncludeFile.c.o' failed
make[1]: *** [CMakeFiles/cmTC_c9553.dir/CheckIncludeFile.c.o] Error 1
make[1]: Leaving directory '/home/biz/github/repos/blur/CMakeFiles/CMakeTmp'
Makefile:126: recipe for target 'cmTC_c9553/fast' failed
make: *** [cmTC_c9553/fast] Error 2


Determining if the include file iphlpapi.h exists failed with the following output:
Change Dir: /home/biz/github/repos/blur/CMakeFiles/CMakeTmp

Run Build Command:"/usr/bin/make" "cmTC_ad99e/fast"
/usr/bin/make -f CMakeFiles/cmTC_ad99e.dir/build.make CMakeFiles/cmTC_ad99e.dir/build
make[1]: Entering directory '/home/biz/github/repos/blur/CMakeFiles/CMakeTmp'
Building C object CMakeFiles/cmTC_ad99e.dir/CheckIncludeFile.c.o
/usr/bin/cc    -o CMakeFiles/cmTC_ad99e.dir/CheckIncludeFile.c.o   -c /home/biz/github/repos/blur/CMakeFiles/CMakeTmp/CheckIncludeFile.c
/home/biz/github/repos/blur/CMakeFiles/CMakeTmp/CheckIncludeFile.c:1:10: fatal error: iphlpapi.h: No such file or directory
 #include <iphlpapi.h>
          ^~~~~~~~~~~~
compilation terminated.
CMakeFiles/cmTC_ad99e.dir/build.make:65: recipe for target 'CMakeFiles/cmTC_ad99e.dir/CheckIncludeFile.c.o' failed
make[1]: *** [CMakeFiles/cmTC_ad99e.dir/CheckIncludeFile.c.o] Error 1
make[1]: Leaving directory '/home/biz/github/repos/blur/CMakeFiles/CMakeTmp'
Makefile:126: recipe for target 'cmTC_ad99e/fast' failed
make: *** [cmTC_ad99e/fast] Error 2


Determining if the include file login_cap.h exists failed with the following output:
Change Dir: /home/biz/github/repos/blur/CMakeFiles/CMakeTmp

Run Build Command:"/usr/bin/make" "cmTC_91bbf/fast"
/usr/bin/make -f CMakeFiles/cmTC_91bbf.dir/build.make CMakeFiles/cmTC_91bbf.dir/build
make[1]: Entering directory '/home/biz/github/repos/blur/CMakeFiles/CMakeTmp'
Building C object CMakeFiles/cmTC_91bbf.dir/CheckIncludeFile.c.o
/usr/bin/cc    -o CMakeFiles/cmTC_91bbf.dir/CheckIncludeFile.c.o   -c /home/biz/github/repos/blur/CMakeFiles/CMakeTmp/CheckIncludeFile.c
/home/biz/github/repos/blur/CMakeFiles/CMakeTmp/CheckIncludeFile.c:1:10: fatal error: login_cap.h: No such file or directory
 #include <login_cap.h>
          ^~~~~~~~~~~~~
compilation terminated.
CMakeFiles/cmTC_91bbf.dir/build.make:65: recipe for target 'CMakeFiles/cmTC_91bbf.dir/CheckIncludeFile.c.o' failed
make[1]: *** [CMakeFiles/cmTC_91bbf.dir/CheckIncludeFile.c.o] Error 1
make[1]: Leaving directory '/home/biz/github/repos/blur/CMakeFiles/CMakeTmp'
Makefile:126: recipe for target 'cmTC_91bbf/fast' failed
make: *** [cmTC_91bbf/fast] Error 2


Determining if the include file sys/sha2.h exists failed with the following output:
Change Dir: /home/biz/github/repos/blur/CMakeFiles/CMakeTmp

Run Build Command:"/usr/bin/make" "cmTC_43f66/fast"
/usr/bin/make -f CMakeFiles/cmTC_43f66.dir/build.make CMakeFiles/cmTC_43f66.dir/build
make[1]: Entering directory '/home/biz/github/repos/blur/CMakeFiles/CMakeTmp'
Building C object CMakeFiles/cmTC_43f66.dir/CheckIncludeFile.c.o
/usr/bin/cc    -o CMakeFiles/cmTC_43f66.dir/CheckIncludeFile.c.o   -c /home/biz/github/repos/blur/CMakeFiles/CMakeTmp/CheckIncludeFile.c
/home/biz/github/repos/blur/CMakeFiles/CMakeTmp/CheckIncludeFile.c:1:10: fatal error: sys/sha2.h: No such file or directory
 #include <sys/sha2.h>
          ^~~~~~~~~~~~
compilation terminated.
CMakeFiles/cmTC_43f66.dir/build.make:65: recipe for target 'CMakeFiles/cmTC_43f66.dir/CheckIncludeFile.c.o' failed
make[1]: *** [CMakeFiles/cmTC_43f66.dir/CheckIncludeFile.c.o] Error 1
make[1]: Leaving directory '/home/biz/github/repos/blur/CMakeFiles/CMakeTmp'
Makefile:126: recipe for target 'cmTC_43f66/fast' failed
make: *** [cmTC_43f66/fast] Error 2


Determining if the include file vfork.h exists failed with the following output:
Change Dir: /home/biz/github/repos/blur/CMakeFiles/CMakeTmp

Run Build Command:"/usr/bin/make" "cmTC_68354/fast"
/usr/bin/make -f CMakeFiles/cmTC_68354.dir/build.make CMakeFiles/cmTC_68354.dir/build
make[1]: Entering directory '/home/biz/github/repos/blur/CMakeFiles/CMakeTmp'
Building C object CMakeFiles/cmTC_68354.dir/CheckIncludeFile.c.o
/usr/bin/cc    -o CMakeFiles/cmTC_68354.dir/CheckIncludeFile.c.o   -c /home/biz/github/repos/blur/CMakeFiles/CMakeTmp/CheckIncludeFile.c
/home/biz/github/repos/blur/CMakeFiles/CMakeTmp/CheckIncludeFile.c:1:10: fatal error: vfork.h: No such file or directory
 #include <vfork.h>
          ^~~~~~~~~
compilation terminated.
CMakeFiles/cmTC_68354.dir/build.make:65: recipe for target 'CMakeFiles/cmTC_68354.dir/CheckIncludeFile.c.o' failed
make[1]: *** [CMakeFiles/cmTC_68354.dir/CheckIncludeFile.c.o] Error 1
make[1]: Leaving directory '/home/biz/github/repos/blur/CMakeFiles/CMakeTmp'
Makefile:126: recipe for target 'cmTC_68354/fast' failed
make: *** [cmTC_68354/fast] Error 2


Determining if the include file windows.h exists failed with the following output:
Change Dir: /home/biz/github/repos/blur/CMakeFiles/CMakeTmp

Run Build Command:"/usr/bin/make" "cmTC_77c58/fast"
/usr/bin/make -f CMakeFiles/cmTC_77c58.dir/build.make CMakeFiles/cmTC_77c58.dir/build
make[1]: Entering directory '/home/biz/github/repos/blur/CMakeFiles/CMakeTmp'
Building C object CMakeFiles/cmTC_77c58.dir/CheckIncludeFile.c.o
/usr/bin/cc    -o CMakeFiles/cmTC_77c58.dir/CheckIncludeFile.c.o   -c /home/biz/github/repos/blur/CMakeFiles/CMakeTmp/CheckIncludeFile.c
/home/biz/github/repos/blur/CMakeFiles/CMakeTmp/CheckIncludeFile.c:1:10: fatal error: windows.h: No such file or directory
 #include <windows.h>
          ^~~~~~~~~~~
compilation terminated.
CMakeFiles/cmTC_77c58.dir/build.make:65: recipe for target 'CMakeFiles/cmTC_77c58.dir/CheckIncludeFile.c.o' failed
make[1]: *** [CMakeFiles/cmTC_77c58.dir/CheckIncludeFile.c.o] Error 1
make[1]: Leaving directory '/home/biz/github/repos/blur/CMakeFiles/CMakeTmp'
Makefile:126: recipe for target 'cmTC_77c58/fast' failed
make: *** [cmTC_77c58/fast] Error 2


Determining if the include file winsock2.h exists failed with the following output:
Change Dir: /home/biz/github/repos/blur/CMakeFiles/CMakeTmp

Run Build Command:"/usr/bin/make" "cmTC_29f16/fast"
/usr/bin/make -f CMakeFiles/cmTC_29f16.dir/build.make CMakeFiles/cmTC_29f16.dir/build
make[1]: Entering directory '/home/biz/github/repos/blur/CMakeFiles/CMakeTmp'
Building C object CMakeFiles/cmTC_29f16.dir/CheckIncludeFile.c.o
/usr/bin/cc    -o CMakeFiles/cmTC_29f16.dir/CheckIncludeFile.c.o   -c /home/biz/github/repos/blur/CMakeFiles/CMakeTmp/CheckIncludeFile.c
/home/biz/github/repos/blur/CMakeFiles/CMakeTmp/CheckIncludeFile.c:1:10: fatal error: winsock2.h: No such file or directory
 #include <winsock2.h>
          ^~~~~~~~~~~~
compilation terminated.
CMakeFiles/cmTC_29f16.dir/build.make:65: recipe for target 'CMakeFiles/cmTC_29f16.dir/CheckIncludeFile.c.o' failed
make[1]: *** [CMakeFiles/cmTC_29f16.dir/CheckIncludeFile.c.o] Error 1
make[1]: Leaving directory '/home/biz/github/repos/blur/CMakeFiles/CMakeTmp'
Makefile:126: recipe for target 'cmTC_29f16/fast' failed
make: *** [cmTC_29f16/fast] Error 2


Determining if the include file ws2tcpip.h exists failed with the following output:
Change Dir: /home/biz/github/repos/blur/CMakeFiles/CMakeTmp

Run Build Command:"/usr/bin/make" "cmTC_4e092/fast"
/usr/bin/make -f CMakeFiles/cmTC_4e092.dir/build.make CMakeFiles/cmTC_4e092.dir/build
make[1]: Entering directory '/home/biz/github/repos/blur/CMakeFiles/CMakeTmp'
Building C object CMakeFiles/cmTC_4e092.dir/CheckIncludeFile.c.o
/usr/bin/cc    -o CMakeFiles/cmTC_4e092.dir/CheckIncludeFile.c.o   -c /home/biz/github/repos/blur/CMakeFiles/CMakeTmp/CheckIncludeFile.c
/home/biz/github/repos/blur/CMakeFiles/CMakeTmp/CheckIncludeFile.c:1:10: fatal error: ws2tcpip.h: No such file or directory
 #include <ws2tcpip.h>
          ^~~~~~~~~~~~
compilation terminated.
CMakeFiles/cmTC_4e092.dir/build.make:65: recipe for target 'CMakeFiles/cmTC_4e092.dir/CheckIncludeFile.c.o' failed
make[1]: *** [CMakeFiles/cmTC_4e092.dir/CheckIncludeFile.c.o] Error 1
make[1]: Leaving directory '/home/biz/github/repos/blur/CMakeFiles/CMakeTmp'
Makefile:126: recipe for target 'cmTC_4e092/fast' failed
make: *** [cmTC_4e092/fast] Error 2


Determining if the function _beginthreadex exists failed with the following output:
Change Dir: /home/biz/github/repos/blur/CMakeFiles/CMakeTmp

Run Build Command:"/usr/bin/make" "cmTC_2145e/fast"
/usr/bin/make -f CMakeFiles/cmTC_2145e.dir/build.make CMakeFiles/cmTC_2145e.dir/build
make[1]: Entering directory '/home/biz/github/repos/blur/CMakeFiles/CMakeTmp'
Building C object CMakeFiles/cmTC_2145e.dir/CheckFunctionExists.c.o
/usr/bin/cc   -DCHECK_FUNCTION_EXISTS=_beginthreadex   -o CMakeFiles/cmTC_2145e.dir/CheckFunctionExists.c.o   -c /usr/share/cmake-3.9/Modules/CheckFunctionExists.c
Linking C executable cmTC_2145e
/usr/bin/cmake -E cmake_link_script CMakeFiles/cmTC_2145e.dir/link.txt --verbose=1
/usr/bin/cc  -DCHECK_FUNCTION_EXISTS=_beginthreadex    -rdynamic CMakeFiles/cmTC_2145e.dir/CheckFunctionExists.c.o  -o cmTC_2145e 
CMakeFiles/cmTC_2145e.dir/CheckFunctionExists.c.o: In function `main':
CheckFunctionExists.c:(.text+0x10): undefined reference to `_beginthreadex'
collect2: error: ld returned 1 exit status
CMakeFiles/cmTC_2145e.dir/build.make:97: recipe for target 'cmTC_2145e' failed
make[1]: *** [cmTC_2145e] Error 1
make[1]: Leaving directory '/home/biz/github/repos/blur/CMakeFiles/CMakeTmp'
Makefile:126: recipe for target 'cmTC_2145e/fast' failed
make: *** [cmTC_2145e/fast] Error 2


Determining if the function arc4random exists failed with the following output:
Change Dir: /home/biz/github/repos/blur/CMakeFiles/CMakeTmp

Run Build Command:"/usr/bin/make" "cmTC_e0895/fast"
/usr/bin/make -f CMakeFiles/cmTC_e0895.dir/build.make CMakeFiles/cmTC_e0895.dir/build
make[1]: Entering directory '/home/biz/github/repos/blur/CMakeFiles/CMakeTmp'
Building C object CMakeFiles/cmTC_e0895.dir/CheckFunctionExists.c.o
/usr/bin/cc   -DCHECK_FUNCTION_EXISTS=arc4random   -o CMakeFiles/cmTC_e0895.dir/CheckFunctionExists.c.o   -c /usr/share/cmake-3.9/Modules/CheckFunctionExists.c
Linking C executable cmTC_e0895
/usr/bin/cmake -E cmake_link_script CMakeFiles/cmTC_e0895.dir/link.txt --verbose=1
/usr/bin/cc  -DCHECK_FUNCTION_EXISTS=arc4random    -rdynamic CMakeFiles/cmTC_e0895.dir/CheckFunctionExists.c.o  -o cmTC_e0895 
CMakeFiles/cmTC_e0895.dir/CheckFunctionExists.c.o: In function `main':
CheckFunctionExists.c:(.text+0x10): undefined reference to `arc4random'
collect2: error: ld returned 1 exit status
CMakeFiles/cmTC_e0895.dir/build.make:97: recipe for target 'cmTC_e0895' failed
make[1]: *** [cmTC_e0895] Error 1
make[1]: Leaving directory '/home/biz/github/repos/blur/CMakeFiles/CMakeTmp'
Makefile:126: recipe for target 'cmTC_e0895/fast' failed
make: *** [cmTC_e0895/fast] Error 2


Determining if the function arc4random_uniform exists failed with the following output:
Change Dir: /home/biz/github/repos/blur/CMakeFiles/CMakeTmp

Run Build Command:"/usr/bin/make" "cmTC_2f1d1/fast"
/usr/bin/make -f CMakeFiles/cmTC_2f1d1.dir/build.make CMakeFiles/cmTC_2f1d1.dir/build
make[1]: Entering directory '/home/biz/github/repos/blur/CMakeFiles/CMakeTmp'
Building C object CMakeFiles/cmTC_2f1d1.dir/CheckFunctionExists.c.o
/usr/bin/cc   -DCHECK_FUNCTION_EXISTS=arc4random_uniform   -o CMakeFiles/cmTC_2f1d1.dir/CheckFunctionExists.c.o   -c /usr/share/cmake-3.9/Modules/CheckFunctionExists.c
Linking C executable cmTC_2f1d1
/usr/bin/cmake -E cmake_link_script CMakeFiles/cmTC_2f1d1.dir/link.txt --verbose=1
/usr/bin/cc  -DCHECK_FUNCTION_EXISTS=arc4random_uniform    -rdynamic CMakeFiles/cmTC_2f1d1.dir/CheckFunctionExists.c.o  -o cmTC_2f1d1 
CMakeFiles/cmTC_2f1d1.dir/CheckFunctionExists.c.o: In function `main':
CheckFunctionExists.c:(.text+0x10): undefined reference to `arc4random_uniform'
collect2: error: ld returned 1 exit status
CMakeFiles/cmTC_2f1d1.dir/build.make:97: recipe for target 'cmTC_2f1d1' failed
make[1]: *** [cmTC_2f1d1] Error 1
make[1]: Leaving directory '/home/biz/github/repos/blur/CMakeFiles/CMakeTmp'
Makefile:126: recipe for target 'cmTC_2f1d1/fast' failed
make: *** [cmTC_2f1d1/fast] Error 2


Determining if the function ioctlsocket exists failed with the following output:
Change Dir: /home/biz/github/repos/blur/CMakeFiles/CMakeTmp

Run Build Command:"/usr/bin/make" "cmTC_6229f/fast"
/usr/bin/make -f CMakeFiles/cmTC_6229f.dir/build.make CMakeFiles/cmTC_6229f.dir/build
make[1]: Entering directory '/home/biz/github/repos/blur/CMakeFiles/CMakeTmp'
Building C object CMakeFiles/cmTC_6229f.dir/CheckFunctionExists.c.o
/usr/bin/cc   -DCHECK_FUNCTION_EXISTS=ioctlsocket   -o CMakeFiles/cmTC_6229f.dir/CheckFunctionExists.c.o   -c /usr/share/cmake-3.9/Modules/CheckFunctionExists.c
Linking C executable cmTC_6229f
/usr/bin/cmake -E cmake_link_script CMakeFiles/cmTC_6229f.dir/link.txt --verbose=1
/usr/bin/cc  -DCHECK_FUNCTION_EXISTS=ioctlsocket    -rdynamic CMakeFiles/cmTC_6229f.dir/CheckFunctionExists.c.o  -o cmTC_6229f 
CMakeFiles/cmTC_6229f.dir/CheckFunctionExists.c.o: In function `main':
CheckFunctionExists.c:(.text+0x10): undefined reference to `ioctlsocket'
collect2: error: ld returned 1 exit status
CMakeFiles/cmTC_6229f.dir/build.make:97: recipe for target 'cmTC_6229f' failed
make[1]: *** [cmTC_6229f] Error 1
make[1]: Leaving directory '/home/biz/github/repos/blur/CMakeFiles/CMakeTmp'
Makefile:126: recipe for target 'cmTC_6229f/fast' failed
make: *** [cmTC_6229f/fast] Error 2


Determining if the function setusercontent exists failed with the following output:
Change Dir: /home/biz/github/repos/blur/CMakeFiles/CMakeTmp

Run Build Command:"/usr/bin/make" "cmTC_0ea5b/fast"
/usr/bin/make -f CMakeFiles/cmTC_0ea5b.dir/build.make CMakeFiles/cmTC_0ea5b.dir/build
make[1]: Entering directory '/home/biz/github/repos/blur/CMakeFiles/CMakeTmp'
Building C object CMakeFiles/cmTC_0ea5b.dir/CheckFunctionExists.c.o
/usr/bin/cc   -DCHECK_FUNCTION_EXISTS=setusercontent   -o CMakeFiles/cmTC_0ea5b.dir/CheckFunctionExists.c.o   -c /usr/share/cmake-3.9/Modules/CheckFunctionExists.c
Linking C executable cmTC_0ea5b
/usr/bin/cmake -E cmake_link_script CMakeFiles/cmTC_0ea5b.dir/link.txt --verbose=1
/usr/bin/cc  -DCHECK_FUNCTION_EXISTS=setusercontent    -rdynamic CMakeFiles/cmTC_0ea5b.dir/CheckFunctionExists.c.o  -o cmTC_0ea5b 
CMakeFiles/cmTC_0ea5b.dir/CheckFunctionExists.c.o: In function `main':
CheckFunctionExists.c:(.text+0x10): undefined reference to `setusercontent'
collect2: error: ld returned 1 exit status
CMakeFiles/cmTC_0ea5b.dir/build.make:97: recipe for target 'cmTC_0ea5b' failed
make[1]: *** [cmTC_0ea5b] Error 1
make[1]: Leaving directory '/home/biz/github/repos/blur/CMakeFiles/CMakeTmp'
Makefile:126: recipe for target 'cmTC_0ea5b/fast' failed
make: *** [cmTC_0ea5b/fast] Error 2


Determining if the function strlcat exists failed with the following output:
Change Dir: /home/biz/github/repos/blur/CMakeFiles/CMakeTmp

Run Build Command:"/usr/bin/make" "cmTC_fd488/fast"
/usr/bin/make -f CMakeFiles/cmTC_fd488.dir/build.make CMakeFiles/cmTC_fd488.dir/build
make[1]: Entering directory '/home/biz/github/repos/blur/CMakeFiles/CMakeTmp'
Building C object CMakeFiles/cmTC_fd488.dir/CheckFunctionExists.c.o
/usr/bin/cc   -DCHECK_FUNCTION_EXISTS=strlcat   -o CMakeFiles/cmTC_fd488.dir/CheckFunctionExists.c.o   -c /usr/share/cmake-3.9/Modules/CheckFunctionExists.c
Linking C executable cmTC_fd488
/usr/bin/cmake -E cmake_link_script CMakeFiles/cmTC_fd488.dir/link.txt --verbose=1
/usr/bin/cc  -DCHECK_FUNCTION_EXISTS=strlcat    -rdynamic CMakeFiles/cmTC_fd488.dir/CheckFunctionExists.c.o  -o cmTC_fd488 
CMakeFiles/cmTC_fd488.dir/CheckFunctionExists.c.o: In function `main':
CheckFunctionExists.c:(.text+0x10): undefined reference to `strlcat'
collect2: error: ld returned 1 exit status
CMakeFiles/cmTC_fd488.dir/build.make:97: recipe for target 'cmTC_fd488' failed
make[1]: *** [cmTC_fd488] Error 1
make[1]: Leaving directory '/home/biz/github/repos/blur/CMakeFiles/CMakeTmp'
Makefile:126: recipe for target 'cmTC_fd488/fast' failed
make: *** [cmTC_fd488/fast] Error 2


Determining if the function strlcpy exists failed with the following output:
Change Dir: /home/biz/github/repos/blur/CMakeFiles/CMakeTmp

Run Build Command:"/usr/bin/make" "cmTC_00de2/fast"
/usr/bin/make -f CMakeFiles/cmTC_00de2.dir/build.make CMakeFiles/cmTC_00de2.dir/build
make[1]: Entering directory '/home/biz/github/repos/blur/CMakeFiles/CMakeTmp'
Building C object CMakeFiles/cmTC_00de2.dir/CheckFunctionExists.c.o
/usr/bin/cc   -DCHECK_FUNCTION_EXISTS=strlcpy   -o CMakeFiles/cmTC_00de2.dir/CheckFunctionExists.c.o   -c /usr/share/cmake-3.9/Modules/CheckFunctionExists.c
Linking C executable cmTC_00de2
/usr/bin/cmake -E cmake_link_script CMakeFiles/cmTC_00de2.dir/link.txt --verbose=1
/usr/bin/cc  -DCHECK_FUNCTION_EXISTS=strlcpy    -rdynamic CMakeFiles/cmTC_00de2.dir/CheckFunctionExists.c.o  -o cmTC_00de2 
CMakeFiles/cmTC_00de2.dir/CheckFunctionExists.c.o: In function `main':
CheckFunctionExists.c:(.text+0x10): undefined reference to `strlcpy'
collect2: error: ld returned 1 exit status
CMakeFiles/cmTC_00de2.dir/build.make:97: recipe for target 'cmTC_00de2' failed
make[1]: *** [cmTC_00de2] Error 1
make[1]: Leaving directory '/home/biz/github/repos/blur/CMakeFiles/CMakeTmp'
Makefile:126: recipe for target 'cmTC_00de2/fast' failed
make: *** [cmTC_00de2/fast] Error 2


Determining if the PTHREAD_PRIO_INHERIT exist failed with the following output:
Change Dir: /home/biz/github/repos/blur/CMakeFiles/CMakeTmp

Run Build Command:"/usr/bin/make" "cmTC_ba09d/fast"
/usr/bin/make -f CMakeFiles/cmTC_ba09d.dir/build.make CMakeFiles/cmTC_ba09d.dir/build
make[1]: Entering directory '/home/biz/github/repos/blur/CMakeFiles/CMakeTmp'
Building C object CMakeFiles/cmTC_ba09d.dir/CheckSymbolExists.c.o
/usr/bin/cc    -o CMakeFiles/cmTC_ba09d.dir/CheckSymbolExists.c.o   -c /home/biz/github/repos/blur/CMakeFiles/CMakeTmp/CheckSymbolExists.c
/home/biz/github/repos/blur/CMakeFiles/CMakeTmp/CheckSymbolExists.c: In function ‘main’:
/home/biz/github/repos/blur/CMakeFiles/CMakeTmp/CheckSymbolExists.c:8:18: error: lvalue required as unary ‘&’ operand
   return ((int*)(&PTHREAD_PRIO_INHERIT))[argc];
                  ^
CMakeFiles/cmTC_ba09d.dir/build.make:65: recipe for target 'CMakeFiles/cmTC_ba09d.dir/CheckSymbolExists.c.o' failed
make[1]: *** [CMakeFiles/cmTC_ba09d.dir/CheckSymbolExists.c.o] Error 1
make[1]: Leaving directory '/home/biz/github/repos/blur/CMakeFiles/CMakeTmp'
Makefile:126: recipe for target 'cmTC_ba09d/fast' failed
make: *** [cmTC_ba09d/fast] Error 2

File /home/biz/github/repos/blur/CMakeFiles/CMakeTmp/CheckSymbolExists.c:
/* */
#include <pthread.h>

int main(int argc, char** argv)
{
  (void)argv;
#ifndef PTHREAD_PRIO_INHERIT
  return ((int*)(&PTHREAD_PRIO_INHERIT))[argc];
#else
  (void)argc;
  return 0;
#endif
}

Determining if the pthread_rwlock_t exist failed with the following output:
Change Dir: /home/biz/github/repos/blur/CMakeFiles/CMakeTmp

Run Build Command:"/usr/bin/make" "cmTC_afd32/fast"
/usr/bin/make -f CMakeFiles/cmTC_afd32.dir/build.make CMakeFiles/cmTC_afd32.dir/build
make[1]: Entering directory '/home/biz/github/repos/blur/CMakeFiles/CMakeTmp'
Building C object CMakeFiles/cmTC_afd32.dir/CheckSymbolExists.c.o
/usr/bin/cc    -o CMakeFiles/cmTC_afd32.dir/CheckSymbolExists.c.o   -c /home/biz/github/repos/blur/CMakeFiles/CMakeTmp/CheckSymbolExists.c
/home/biz/github/repos/blur/CMakeFiles/CMakeTmp/CheckSymbolExists.c: In function ‘main’:
/home/biz/github/repos/blur/CMakeFiles/CMakeTmp/CheckSymbolExists.c:8:19: error: expected expression before ‘pthread_rwlock_t’
   return ((int*)(&pthread_rwlock_t))[argc];
                   ^~~~~~~~~~~~~~~~
CMakeFiles/cmTC_afd32.dir/build.make:65: recipe for target 'CMakeFiles/cmTC_afd32.dir/CheckSymbolExists.c.o' failed
make[1]: *** [CMakeFiles/cmTC_afd32.dir/CheckSymbolExists.c.o] Error 1
make[1]: Leaving directory '/home/biz/github/repos/blur/CMakeFiles/CMakeTmp'
Makefile:126: recipe for target 'cmTC_afd32/fast' failed
make: *** [cmTC_afd32/fast] Error 2

File /home/biz/github/repos/blur/CMakeFiles/CMakeTmp/CheckSymbolExists.c:
/* */
#include <pthread.h>

int main(int argc, char** argv)
{
  (void)argv;
#ifndef pthread_rwlock_t
  return ((int*)(&pthread_rwlock_t))[argc];
#else
  (void)argc;
  return 0;
#endif
}

Determining if the pthread_spinlock_t exist failed with the following output:
Change Dir: /home/biz/github/repos/blur/CMakeFiles/CMakeTmp

Run Build Command:"/usr/bin/make" "cmTC_776d2/fast"
/usr/bin/make -f CMakeFiles/cmTC_776d2.dir/build.make CMakeFiles/cmTC_776d2.dir/build
make[1]: Entering directory '/home/biz/github/repos/blur/CMakeFiles/CMakeTmp'
Building C object CMakeFiles/cmTC_776d2.dir/CheckSymbolExists.c.o
/usr/bin/cc    -o CMakeFiles/cmTC_776d2.dir/CheckSymbolExists.c.o   -c /home/biz/github/repos/blur/CMakeFiles/CMakeTmp/CheckSymbolExists.c
/home/biz/github/repos/blur/CMakeFiles/CMakeTmp/CheckSymbolExists.c: In function ‘main’:
/home/biz/github/repos/blur/CMakeFiles/CMakeTmp/CheckSymbolExists.c:8:19: error: expected expression before ‘pthread_spinlock_t’
   return ((int*)(&pthread_spinlock_t))[argc];
                   ^~~~~~~~~~~~~~~~~~
CMakeFiles/cmTC_776d2.dir/build.make:65: recipe for target 'CMakeFiles/cmTC_776d2.dir/CheckSymbolExists.c.o' failed
make[1]: *** [CMakeFiles/cmTC_776d2.dir/CheckSymbolExists.c.o] Error 1
make[1]: Leaving directory '/home/biz/github/repos/blur/CMakeFiles/CMakeTmp'
Makefile:126: recipe for target 'cmTC_776d2/fast' failed
make: *** [cmTC_776d2/fast] Error 2

File /home/biz/github/repos/blur/CMakeFiles/CMakeTmp/CheckSymbolExists.c:
/* */
#include <pthread.h>

int main(int argc, char** argv)
{
  (void)argv;
#ifndef pthread_spinlock_t
  return ((int*)(&pthread_spinlock_t))[argc];
#else
  (void)argc;
  return 0;
#endif
}

Determining if the SSL_COMP_get_compression_methods exist failed with the following output:
Change Dir: /home/biz/github/repos/blur/CMakeFiles/CMakeTmp

Run Build Command:"/usr/bin/make" "cmTC_96618/fast"
/usr/bin/make -f CMakeFiles/cmTC_96618.dir/build.make CMakeFiles/cmTC_96618.dir/build
make[1]: Entering directory '/home/biz/github/repos/blur/CMakeFiles/CMakeTmp'
Building C object CMakeFiles/cmTC_96618.dir/CheckSymbolExists.c.o
/usr/bin/cc    -o CMakeFiles/cmTC_96618.dir/CheckSymbolExists.c.o   -c /home/biz/github/repos/blur/CMakeFiles/CMakeTmp/CheckSymbolExists.c
Linking C executable cmTC_96618
/usr/bin/cmake -E cmake_link_script CMakeFiles/cmTC_96618.dir/link.txt --verbose=1
/usr/bin/cc      -rdynamic CMakeFiles/cmTC_96618.dir/CheckSymbolExists.c.o  -o cmTC_96618 
CMakeFiles/cmTC_96618.dir/CheckSymbolExists.c.o: In function `main':
CheckSymbolExists.c:(.text+0x1b): undefined reference to `SSL_COMP_get_compression_methods'
collect2: error: ld returned 1 exit status
CMakeFiles/cmTC_96618.dir/build.make:97: recipe for target 'cmTC_96618' failed
make[1]: *** [cmTC_96618] Error 1
make[1]: Leaving directory '/home/biz/github/repos/blur/CMakeFiles/CMakeTmp'
Makefile:126: recipe for target 'cmTC_96618/fast' failed
make: *** [cmTC_96618/fast] Error 2

File /home/biz/github/repos/blur/CMakeFiles/CMakeTmp/CheckSymbolExists.c:
/* */
#include <openssl/ssl.h>

int main(int argc, char** argv)
{
  (void)argv;
#ifndef SSL_COMP_get_compression_methods
  return ((int*)(&SSL_COMP_get_compression_methods))[argc];
#else
  (void)argc;
  return 0;
#endif
}

Determining if the function EVP_MD_CTX_new exists failed with the following output:
Change Dir: /home/biz/github/repos/blur/CMakeFiles/CMakeTmp

Run Build Command:"/usr/bin/make" "cmTC_c77c4/fast"
/usr/bin/make -f CMakeFiles/cmTC_c77c4.dir/build.make CMakeFiles/cmTC_c77c4.dir/build
make[1]: Entering directory '/home/biz/github/repos/blur/CMakeFiles/CMakeTmp'
Building C object CMakeFiles/cmTC_c77c4.dir/CheckFunctionExists.c.o
/usr/bin/cc   -DCHECK_FUNCTION_EXISTS=EVP_MD_CTX_new   -o CMakeFiles/cmTC_c77c4.dir/CheckFunctionExists.c.o   -c /usr/share/cmake-3.9/Modules/CheckFunctionExists.c
Linking C executable cmTC_c77c4
/usr/bin/cmake -E cmake_link_script CMakeFiles/cmTC_c77c4.dir/link.txt --verbose=1
/usr/bin/cc  -DCHECK_FUNCTION_EXISTS=EVP_MD_CTX_new    -rdynamic CMakeFiles/cmTC_c77c4.dir/CheckFunctionExists.c.o  -o cmTC_c77c4 /usr/lib/x86_64-linux-gnu/libssl.so /usr/lib/x86_64-linux-gnu/libcrypto.so -ldl -pthread 
CMakeFiles/cmTC_c77c4.dir/CheckFunctionExists.c.o: In function `main':
CheckFunctionExists.c:(.text+0x10): undefined reference to `EVP_MD_CTX_new'
collect2: error: ld returned 1 exit status
CMakeFiles/cmTC_c77c4.dir/build.make:99: recipe for target 'cmTC_c77c4' failed
make[1]: *** [cmTC_c77c4] Error 1
make[1]: Leaving directory '/home/biz/github/repos/blur/CMakeFiles/CMakeTmp'
Makefile:126: recipe for target 'cmTC_c77c4/fast' failed
make: *** [cmTC_c77c4/fast] Error 2


Determining if the LIBRESSL_VERSION_TEXT exist failed with the following output:
Change Dir: /home/biz/github/repos/blur/CMakeFiles/CMakeTmp

Run Build Command:"/usr/bin/make" "cmTC_16318/fast"
/usr/bin/make -f CMakeFiles/cmTC_16318.dir/build.make CMakeFiles/cmTC_16318.dir/build
make[1]: Entering directory '/home/biz/github/repos/blur/CMakeFiles/CMakeTmp'
Building C object CMakeFiles/cmTC_16318.dir/CheckSymbolExists.c.o
/usr/bin/cc    -o CMakeFiles/cmTC_16318.dir/CheckSymbolExists.c.o   -c /home/biz/github/repos/blur/CMakeFiles/CMakeTmp/CheckSymbolExists.c
/home/biz/github/repos/blur/CMakeFiles/CMakeTmp/CheckSymbolExists.c: In function ‘main’:
/home/biz/github/repos/blur/CMakeFiles/CMakeTmp/CheckSymbolExists.c:8:19: error: ‘LIBRESSL_VERSION_TEXT’ undeclared (first use in this function); did you mean ‘OPENSSL_VERSION_TEXT’?
   return ((int*)(&LIBRESSL_VERSION_TEXT))[argc];
                   ^~~~~~~~~~~~~~~~~~~~~
                   OPENSSL_VERSION_TEXT
/home/biz/github/repos/blur/CMakeFiles/CMakeTmp/CheckSymbolExists.c:8:19: note: each undeclared identifier is reported only once for each function it appears in
CMakeFiles/cmTC_16318.dir/build.make:65: recipe for target 'CMakeFiles/cmTC_16318.dir/CheckSymbolExists.c.o' failed
make[1]: *** [CMakeFiles/cmTC_16318.dir/CheckSymbolExists.c.o] Error 1
make[1]: Leaving directory '/home/biz/github/repos/blur/CMakeFiles/CMakeTmp'
Makefile:126: recipe for target 'cmTC_16318/fast' failed
make: *** [cmTC_16318/fast] Error 2

File /home/biz/github/repos/blur/CMakeFiles/CMakeTmp/CheckSymbolExists.c:
/* */
#include <openssl/opensslv.h>

int main(int argc, char** argv)
{
  (void)argv;
#ifndef LIBRESSL_VERSION_TEXT
  return ((int*)(&LIBRESSL_VERSION_TEXT))[argc];
#else
  (void)argc;
  return 0;
#endif
}

